[16:42:28] [main/INFO]: Setting user: ForgeDevName
[16:42:29] [Client thread/INFO]: LWJGL Version: 2.9.1
[16:42:34] [Client thread/INFO]: Reloading ResourceManager: Default, FMLFileResourcePack:Forge Mod Loader, FMLFileResourcePack:Minecraft Forge, FMLFileResourcePack:Steamcraft-ReBooted
[16:42:34] [Client thread/WARN]: ResourcePack: ignored non-lowercase namespace: %s in %s
[16:42:35] [Sound Library Loader/INFO]: Sound engine started
[16:42:37] [Client thread/INFO]: Created: 512x256 textures/blocks-atlas
[16:42:37] [Client thread/ERROR]: Using missing texture, unable to load steamcraftrb:textures/items/woodenStock.png
java.io.FileNotFoundException: steamcraftrb:textures/items/woodenStock.png
	at net.minecraft.client.resources.SimpleReloadableResourceManager.getResource(SimpleReloadableResourceManager.java:71) ~[SimpleReloadableResourceManager.class:?]
	at net.minecraft.client.renderer.texture.TextureMap.loadTextureAtlas(TextureMap.java:126) [TextureMap.class:?]
	at net.minecraft.client.renderer.texture.TextureMap.loadTexture(TextureMap.java:91) [TextureMap.class:?]
	at net.minecraft.client.renderer.texture.TextureManager.loadTexture(TextureManager.java:89) [TextureManager.class:?]
	at net.minecraft.client.renderer.texture.TextureManager.loadTickableTexture(TextureManager.java:71) [TextureManager.class:?]
	at net.minecraft.client.renderer.texture.TextureManager.loadTextureMap(TextureManager.java:58) [TextureManager.class:?]
	at net.minecraft.client.Minecraft.startGame(Minecraft.java:593) [Minecraft.class:?]
	at net.minecraft.client.Minecraft.run(Minecraft.java:941) [Minecraft.class:?]
	at net.minecraft.client.main.Main.main(Main.java:164) [Main.class:?]
	at sun.reflect.NativeMethodAccessorImpl.invoke0(Native Method) ~[?:1.7.0_67]
	at sun.reflect.NativeMethodAccessorImpl.invoke(NativeMethodAccessorImpl.java:57) ~[?:1.7.0_67]
	at sun.reflect.DelegatingMethodAccessorImpl.invoke(DelegatingMethodAccessorImpl.java:43) ~[?:1.7.0_67]
	at java.lang.reflect.Method.invoke(Method.java:606) ~[?:1.7.0_67]
	at net.minecraft.launchwrapper.Launch.launch(Launch.java:134) [launchwrapper-1.9.jar:?]
	at net.minecraft.launchwrapper.Launch.main(Launch.java:28) [launchwrapper-1.9.jar:?]
	at sun.reflect.NativeMethodAccessorImpl.invoke0(Native Method) ~[?:1.7.0_67]
	at sun.reflect.NativeMethodAccessorImpl.invoke(NativeMethodAccessorImpl.java:57) ~[?:1.7.0_67]
	at sun.reflect.DelegatingMethodAccessorImpl.invoke(DelegatingMethodAccessorImpl.java:43) ~[?:1.7.0_67]
	at java.lang.reflect.Method.invoke(Method.java:606) ~[?:1.7.0_67]
	at GradleStart.bounce(GradleStart.java:107) [start/:?]
	at GradleStart.startClient(GradleStart.java:100) [start/:?]
	at GradleStart.main(GradleStart.java:55) [start/:?]
	at sun.reflect.NativeMethodAccessorImpl.invoke0(Native Method) ~[?:1.7.0_67]
	at sun.reflect.NativeMethodAccessorImpl.invoke(NativeMethodAccessorImpl.java:57) ~[?:1.7.0_67]
	at sun.reflect.DelegatingMethodAccessorImpl.invoke(DelegatingMethodAccessorImpl.java:43) ~[?:1.7.0_67]
	at java.lang.reflect.Method.invoke(Method.java:606) ~[?:1.7.0_67]
	at com.intellij.rt.execution.application.AppMain.main(AppMain.java:134) [idea_rt.jar:?]
[16:42:37] [Client thread/INFO]: Created: 256x256 textures/items-atlas
[16:42:38] [Client thread/INFO]: Reloading ResourceManager: Default, FMLFileResourcePack:Forge Mod Loader, FMLFileResourcePack:Minecraft Forge, FMLFileResourcePack:Steamcraft-ReBooted
[16:42:38] [Client thread/WARN]: ResourcePack: ignored non-lowercase namespace: %s in %s
[16:42:38] [Client thread/ERROR]: Using missing texture, unable to load steamcraftrb:textures/items/woodenStock.png
java.io.FileNotFoundException: steamcraftrb:textures/items/woodenStock.png
	at net.minecraft.client.resources.SimpleReloadableResourceManager.getResource(SimpleReloadableResourceManager.java:71) ~[SimpleReloadableResourceManager.class:?]
	at net.minecraft.client.renderer.texture.TextureMap.loadTextureAtlas(TextureMap.java:126) [TextureMap.class:?]
	at net.minecraft.client.renderer.texture.TextureMap.loadTexture(TextureMap.java:91) [TextureMap.class:?]
	at net.minecraft.client.renderer.texture.TextureManager.loadTexture(TextureManager.java:89) [TextureManager.class:?]
	at net.minecraft.client.renderer.texture.TextureManager.onResourceManagerReload(TextureManager.java:170) [TextureManager.class:?]
	at net.minecraft.client.resources.SimpleReloadableResourceManager.notifyReloadListeners(SimpleReloadableResourceManager.java:134) [SimpleReloadableResourceManager.class:?]
	at net.minecraft.client.resources.SimpleReloadableResourceManager.reloadResources(SimpleReloadableResourceManager.java:118) [SimpleReloadableResourceManager.class:?]
	at net.minecraft.client.Minecraft.refreshResources(Minecraft.java:653) [Minecraft.class:?]
	at cpw.mods.fml.client.FMLClientHandler.finishMinecraftLoading(FMLClientHandler.java:303) [FMLClientHandler.class:?]
	at net.minecraft.client.Minecraft.startGame(Minecraft.java:596) [Minecraft.class:?]
	at net.minecraft.client.Minecraft.run(Minecraft.java:941) [Minecraft.class:?]
	at net.minecraft.client.main.Main.main(Main.java:164) [Main.class:?]
	at sun.reflect.NativeMethodAccessorImpl.invoke0(Native Method) ~[?:1.7.0_67]
	at sun.reflect.NativeMethodAccessorImpl.invoke(NativeMethodAccessorImpl.java:57) ~[?:1.7.0_67]
	at sun.reflect.DelegatingMethodAccessorImpl.invoke(DelegatingMethodAccessorImpl.java:43) ~[?:1.7.0_67]
	at java.lang.reflect.Method.invoke(Method.java:606) ~[?:1.7.0_67]
	at net.minecraft.launchwrapper.Launch.launch(Launch.java:134) [launchwrapper-1.9.jar:?]
	at net.minecraft.launchwrapper.Launch.main(Launch.java:28) [launchwrapper-1.9.jar:?]
	at sun.reflect.NativeMethodAccessorImpl.invoke0(Native Method) ~[?:1.7.0_67]
	at sun.reflect.NativeMethodAccessorImpl.invoke(NativeMethodAccessorImpl.java:57) ~[?:1.7.0_67]
	at sun.reflect.DelegatingMethodAccessorImpl.invoke(DelegatingMethodAccessorImpl.java:43) ~[?:1.7.0_67]
	at java.lang.reflect.Method.invoke(Method.java:606) ~[?:1.7.0_67]
	at GradleStart.bounce(GradleStart.java:107) [start/:?]
	at GradleStart.startClient(GradleStart.java:100) [start/:?]
	at GradleStart.main(GradleStart.java:55) [start/:?]
	at sun.reflect.NativeMethodAccessorImpl.invoke0(Native Method) ~[?:1.7.0_67]
	at sun.reflect.NativeMethodAccessorImpl.invoke(NativeMethodAccessorImpl.java:57) ~[?:1.7.0_67]
	at sun.reflect.DelegatingMethodAccessorImpl.invoke(DelegatingMethodAccessorImpl.java:43) ~[?:1.7.0_67]
	at java.lang.reflect.Method.invoke(Method.java:606) ~[?:1.7.0_67]
	at com.intellij.rt.execution.application.AppMain.main(AppMain.java:134) [idea_rt.jar:?]
[16:42:38] [Client thread/INFO]: Created: 256x256 textures/items-atlas
[16:42:38] [Client thread/INFO]: Created: 512x256 textures/blocks-atlas
[16:42:39] [Sound Library Loader/INFO]: Sound engine started
[16:43:08] [Server thread/INFO]: Starting integrated minecraft server version 1.7.10
[16:43:08] [Server thread/INFO]: Generating keypair
[16:43:08] [Server thread/INFO]: Preparing start region for level 0
[16:43:08] [Server thread/INFO]: Changing view distance to 12, from 10
[16:43:09] [Server thread/INFO]: ForgeDevName[local:E:c68e46c0] logged in with entity id 129 at (-569.2465760699101, 4.0, -598.8866693954117)
[16:43:09] [Server thread/INFO]: ForgeDevName joined the game
[16:43:16] [Server thread/INFO]: Saving and pausing game...
[16:43:16] [Server thread/INFO]: Saving chunks for level 'New World'/Overworld
[16:43:16] [Server thread/INFO]: Saving chunks for level 'New World'/Nether
[16:43:16] [Server thread/INFO]: Saving chunks for level 'New World'/The End
[16:43:18] [Server thread/INFO]: Stopping server
[16:43:18] [Server thread/INFO]: Saving players
[16:43:18] [Server thread/INFO]: Saving worlds
[16:43:18] [Server thread/INFO]: Saving chunks for level 'New World'/Overworld
[16:43:18] [Server thread/INFO]: Saving chunks for level 'New World'/Nether
[16:43:18] [Server thread/INFO]: Saving chunks for level 'New World'/The End
[16:43:20] [Client thread/INFO]: Stopping!
