[15:39:23] [main/INFO]: Setting user: ForgeDevName
[15:39:24] [Client thread/INFO]: LWJGL Version: 2.9.1
[15:39:30] [Client thread/INFO]: Reloading ResourceManager: Default, FMLFileResourcePack:Forge Mod Loader, FMLFileResourcePack:Minecraft Forge, FMLFileResourcePack:Steamcraft-ReBooted
[15:39:30] [Client thread/WARN]: ResourcePack: ignored non-lowercase namespace: %s in %s
[15:39:31] [Sound Library Loader/INFO]: Sound engine started
[15:39:33] [Client thread/INFO]: Created: 512x256 textures/blocks-atlas
[15:39:33] [Client thread/ERROR]: Using missing texture, unable to load steamcraftrb:textures/items/steamSword.png
java.io.FileNotFoundException: steamcraftrb:textures/items/steamSword.png
	at net.minecraft.client.resources.SimpleReloadableResourceManager.getResource(SimpleReloadableResourceManager.java:71) ~[SimpleReloadableResourceManager.class:?]
	at net.minecraft.client.renderer.texture.TextureMap.loadTextureAtlas(TextureMap.java:126) [TextureMap.class:?]
	at net.minecraft.client.renderer.texture.TextureMap.loadTexture(TextureMap.java:91) [TextureMap.class:?]
	at net.minecraft.client.renderer.texture.TextureManager.loadTexture(TextureManager.java:89) [TextureManager.class:?]
	at net.minecraft.client.renderer.texture.TextureManager.loadTickableTexture(TextureManager.java:71) [TextureManager.class:?]
	at net.minecraft.client.renderer.texture.TextureManager.loadTextureMap(TextureManager.java:58) [TextureManager.class:?]
	at net.minecraft.client.Minecraft.startGame(Minecraft.java:593) [Minecraft.class:?]
	at net.minecraft.client.Minecraft.run(Minecraft.java:941) [Minecraft.class:?]
	at net.minecraft.client.main.Main.main(Main.java:164) [Main.class:?]
	at sun.reflect.NativeMethodAccessorImpl.invoke0(Native Method) ~[?:1.7.0_67]
	at sun.reflect.NativeMethodAccessorImpl.invoke(NativeMethodAccessorImpl.java:57) ~[?:1.7.0_67]
	at sun.reflect.DelegatingMethodAccessorImpl.invoke(DelegatingMethodAccessorImpl.java:43) ~[?:1.7.0_67]
	at java.lang.reflect.Method.invoke(Method.java:606) ~[?:1.7.0_67]
	at net.minecraft.launchwrapper.Launch.launch(Launch.java:134) [launchwrapper-1.9.jar:?]
	at net.minecraft.launchwrapper.Launch.main(Launch.java:28) [launchwrapper-1.9.jar:?]
	at sun.reflect.NativeMethodAccessorImpl.invoke0(Native Method) ~[?:1.7.0_67]
	at sun.reflect.NativeMethodAccessorImpl.invoke(NativeMethodAccessorImpl.java:57) ~[?:1.7.0_67]
	at sun.reflect.DelegatingMethodAccessorImpl.invoke(DelegatingMethodAccessorImpl.java:43) ~[?:1.7.0_67]
	at java.lang.reflect.Method.invoke(Method.java:606) ~[?:1.7.0_67]
	at GradleStart.bounce(GradleStart.java:107) [start/:?]
	at GradleStart.startClient(GradleStart.java:100) [start/:?]
	at GradleStart.main(GradleStart.java:55) [start/:?]
	at sun.reflect.NativeMethodAccessorImpl.invoke0(Native Method) ~[?:1.7.0_67]
	at sun.reflect.NativeMethodAccessorImpl.invoke(NativeMethodAccessorImpl.java:57) ~[?:1.7.0_67]
	at sun.reflect.DelegatingMethodAccessorImpl.invoke(DelegatingMethodAccessorImpl.java:43) ~[?:1.7.0_67]
	at java.lang.reflect.Method.invoke(Method.java:606) ~[?:1.7.0_67]
	at com.intellij.rt.execution.application.AppMain.main(AppMain.java:134) [idea_rt.jar:?]
[15:39:33] [Client thread/ERROR]: Using missing texture, unable to load steamcraftrb:textures/items/woodenStock.png
java.io.FileNotFoundException: steamcraftrb:textures/items/woodenStock.png
	at net.minecraft.client.resources.SimpleReloadableResourceManager.getResource(SimpleReloadableResourceManager.java:71) ~[SimpleReloadableResourceManager.class:?]
	at net.minecraft.client.renderer.texture.TextureMap.loadTextureAtlas(TextureMap.java:126) [TextureMap.class:?]
	at net.minecraft.client.renderer.texture.TextureMap.loadTexture(TextureMap.java:91) [TextureMap.class:?]
	at net.minecraft.client.renderer.texture.TextureManager.loadTexture(TextureManager.java:89) [TextureManager.class:?]
	at net.minecraft.client.renderer.texture.TextureManager.loadTickableTexture(TextureManager.java:71) [TextureManager.class:?]
	at net.minecraft.client.renderer.texture.TextureManager.loadTextureMap(TextureManager.java:58) [TextureManager.class:?]
	at net.minecraft.client.Minecraft.startGame(Minecraft.java:593) [Minecraft.class:?]
	at net.minecraft.client.Minecraft.run(Minecraft.java:941) [Minecraft.class:?]
	at net.minecraft.client.main.Main.main(Main.java:164) [Main.class:?]
	at sun.reflect.NativeMethodAccessorImpl.invoke0(Native Method) ~[?:1.7.0_67]
	at sun.reflect.NativeMethodAccessorImpl.invoke(NativeMethodAccessorImpl.java:57) ~[?:1.7.0_67]
	at sun.reflect.DelegatingMethodAccessorImpl.invoke(DelegatingMethodAccessorImpl.java:43) ~[?:1.7.0_67]
	at java.lang.reflect.Method.invoke(Method.java:606) ~[?:1.7.0_67]
	at net.minecraft.launchwrapper.Launch.launch(Launch.java:134) [launchwrapper-1.9.jar:?]
	at net.minecraft.launchwrapper.Launch.main(Launch.java:28) [launchwrapper-1.9.jar:?]
	at sun.reflect.NativeMethodAccessorImpl.invoke0(Native Method) ~[?:1.7.0_67]
	at sun.reflect.NativeMethodAccessorImpl.invoke(NativeMethodAccessorImpl.java:57) ~[?:1.7.0_67]
	at sun.reflect.DelegatingMethodAccessorImpl.invoke(DelegatingMethodAccessorImpl.java:43) ~[?:1.7.0_67]
	at java.lang.reflect.Method.invoke(Method.java:606) ~[?:1.7.0_67]
	at GradleStart.bounce(GradleStart.java:107) [start/:?]
	at GradleStart.startClient(GradleStart.java:100) [start/:?]
	at GradleStart.main(GradleStart.java:55) [start/:?]
	at sun.reflect.NativeMethodAccessorImpl.invoke0(Native Method) ~[?:1.7.0_67]
	at sun.reflect.NativeMethodAccessorImpl.invoke(NativeMethodAccessorImpl.java:57) ~[?:1.7.0_67]
	at sun.reflect.DelegatingMethodAccessorImpl.invoke(DelegatingMethodAccessorImpl.java:43) ~[?:1.7.0_67]
	at java.lang.reflect.Method.invoke(Method.java:606) ~[?:1.7.0_67]
	at com.intellij.rt.execution.application.AppMain.main(AppMain.java:134) [idea_rt.jar:?]
[15:39:33] [Client thread/INFO]: Created: 256x256 textures/items-atlas
[15:39:33] [Client thread/INFO]: Reloading ResourceManager: Default, FMLFileResourcePack:Forge Mod Loader, FMLFileResourcePack:Minecraft Forge, FMLFileResourcePack:Steamcraft-ReBooted
[15:39:33] [Client thread/WARN]: ResourcePack: ignored non-lowercase namespace: %s in %s
[15:39:33] [Client thread/ERROR]: Using missing texture, unable to load steamcraftrb:textures/items/steamSword.png
java.io.FileNotFoundException: steamcraftrb:textures/items/steamSword.png
	at net.minecraft.client.resources.SimpleReloadableResourceManager.getResource(SimpleReloadableResourceManager.java:71) ~[SimpleReloadableResourceManager.class:?]
	at net.minecraft.client.renderer.texture.TextureMap.loadTextureAtlas(TextureMap.java:126) [TextureMap.class:?]
	at net.minecraft.client.renderer.texture.TextureMap.loadTexture(TextureMap.java:91) [TextureMap.class:?]
	at net.minecraft.client.renderer.texture.TextureManager.loadTexture(TextureManager.java:89) [TextureManager.class:?]
	at net.minecraft.client.renderer.texture.TextureManager.onResourceManagerReload(TextureManager.java:170) [TextureManager.class:?]
	at net.minecraft.client.resources.SimpleReloadableResourceManager.notifyReloadListeners(SimpleReloadableResourceManager.java:134) [SimpleReloadableResourceManager.class:?]
	at net.minecraft.client.resources.SimpleReloadableResourceManager.reloadResources(SimpleReloadableResourceManager.java:118) [SimpleReloadableResourceManager.class:?]
	at net.minecraft.client.Minecraft.refreshResources(Minecraft.java:653) [Minecraft.class:?]
	at cpw.mods.fml.client.FMLClientHandler.finishMinecraftLoading(FMLClientHandler.java:303) [FMLClientHandler.class:?]
	at net.minecraft.client.Minecraft.startGame(Minecraft.java:596) [Minecraft.class:?]
	at net.minecraft.client.Minecraft.run(Minecraft.java:941) [Minecraft.class:?]
	at net.minecraft.client.main.Main.main(Main.java:164) [Main.class:?]
	at sun.reflect.NativeMethodAccessorImpl.invoke0(Native Method) ~[?:1.7.0_67]
	at sun.reflect.NativeMethodAccessorImpl.invoke(NativeMethodAccessorImpl.java:57) ~[?:1.7.0_67]
	at sun.reflect.DelegatingMethodAccessorImpl.invoke(DelegatingMethodAccessorImpl.java:43) ~[?:1.7.0_67]
	at java.lang.reflect.Method.invoke(Method.java:606) ~[?:1.7.0_67]
	at net.minecraft.launchwrapper.Launch.launch(Launch.java:134) [launchwrapper-1.9.jar:?]
	at net.minecraft.launchwrapper.Launch.main(Launch.java:28) [launchwrapper-1.9.jar:?]
	at sun.reflect.NativeMethodAccessorImpl.invoke0(Native Method) ~[?:1.7.0_67]
	at sun.reflect.NativeMethodAccessorImpl.invoke(NativeMethodAccessorImpl.java:57) ~[?:1.7.0_67]
	at sun.reflect.DelegatingMethodAccessorImpl.invoke(DelegatingMethodAccessorImpl.java:43) ~[?:1.7.0_67]
	at java.lang.reflect.Method.invoke(Method.java:606) ~[?:1.7.0_67]
	at GradleStart.bounce(GradleStart.java:107) [start/:?]
	at GradleStart.startClient(GradleStart.java:100) [start/:?]
	at GradleStart.main(GradleStart.java:55) [start/:?]
	at sun.reflect.NativeMethodAccessorImpl.invoke0(Native Method) ~[?:1.7.0_67]
	at sun.reflect.NativeMethodAccessorImpl.invoke(NativeMethodAccessorImpl.java:57) ~[?:1.7.0_67]
	at sun.reflect.DelegatingMethodAccessorImpl.invoke(DelegatingMethodAccessorImpl.java:43) ~[?:1.7.0_67]
	at java.lang.reflect.Method.invoke(Method.java:606) ~[?:1.7.0_67]
	at com.intellij.rt.execution.application.AppMain.main(AppMain.java:134) [idea_rt.jar:?]
[15:39:33] [Client thread/ERROR]: Using missing texture, unable to load steamcraftrb:textures/items/woodenStock.png
java.io.FileNotFoundException: steamcraftrb:textures/items/woodenStock.png
	at net.minecraft.client.resources.SimpleReloadableResourceManager.getResource(SimpleReloadableResourceManager.java:71) ~[SimpleReloadableResourceManager.class:?]
	at net.minecraft.client.renderer.texture.TextureMap.loadTextureAtlas(TextureMap.java:126) [TextureMap.class:?]
	at net.minecraft.client.renderer.texture.TextureMap.loadTexture(TextureMap.java:91) [TextureMap.class:?]
	at net.minecraft.client.renderer.texture.TextureManager.loadTexture(TextureManager.java:89) [TextureManager.class:?]
	at net.minecraft.client.renderer.texture.TextureManager.onResourceManagerReload(TextureManager.java:170) [TextureManager.class:?]
	at net.minecraft.client.resources.SimpleReloadableResourceManager.notifyReloadListeners(SimpleReloadableResourceManager.java:134) [SimpleReloadableResourceManager.class:?]
	at net.minecraft.client.resources.SimpleReloadableResourceManager.reloadResources(SimpleReloadableResourceManager.java:118) [SimpleReloadableResourceManager.class:?]
	at net.minecraft.client.Minecraft.refreshResources(Minecraft.java:653) [Minecraft.class:?]
	at cpw.mods.fml.client.FMLClientHandler.finishMinecraftLoading(FMLClientHandler.java:303) [FMLClientHandler.class:?]
	at net.minecraft.client.Minecraft.startGame(Minecraft.java:596) [Minecraft.class:?]
	at net.minecraft.client.Minecraft.run(Minecraft.java:941) [Minecraft.class:?]
	at net.minecraft.client.main.Main.main(Main.java:164) [Main.class:?]
	at sun.reflect.NativeMethodAccessorImpl.invoke0(Native Method) ~[?:1.7.0_67]
	at sun.reflect.NativeMethodAccessorImpl.invoke(NativeMethodAccessorImpl.java:57) ~[?:1.7.0_67]
	at sun.reflect.DelegatingMethodAccessorImpl.invoke(DelegatingMethodAccessorImpl.java:43) ~[?:1.7.0_67]
	at java.lang.reflect.Method.invoke(Method.java:606) ~[?:1.7.0_67]
	at net.minecraft.launchwrapper.Launch.launch(Launch.java:134) [launchwrapper-1.9.jar:?]
	at net.minecraft.launchwrapper.Launch.main(Launch.java:28) [launchwrapper-1.9.jar:?]
	at sun.reflect.NativeMethodAccessorImpl.invoke0(Native Method) ~[?:1.7.0_67]
	at sun.reflect.NativeMethodAccessorImpl.invoke(NativeMethodAccessorImpl.java:57) ~[?:1.7.0_67]
	at sun.reflect.DelegatingMethodAccessorImpl.invoke(DelegatingMethodAccessorImpl.java:43) ~[?:1.7.0_67]
	at java.lang.reflect.Method.invoke(Method.java:606) ~[?:1.7.0_67]
	at GradleStart.bounce(GradleStart.java:107) [start/:?]
	at GradleStart.startClient(GradleStart.java:100) [start/:?]
	at GradleStart.main(GradleStart.java:55) [start/:?]
	at sun.reflect.NativeMethodAccessorImpl.invoke0(Native Method) ~[?:1.7.0_67]
	at sun.reflect.NativeMethodAccessorImpl.invoke(NativeMethodAccessorImpl.java:57) ~[?:1.7.0_67]
	at sun.reflect.DelegatingMethodAccessorImpl.invoke(DelegatingMethodAccessorImpl.java:43) ~[?:1.7.0_67]
	at java.lang.reflect.Method.invoke(Method.java:606) ~[?:1.7.0_67]
	at com.intellij.rt.execution.application.AppMain.main(AppMain.java:134) [idea_rt.jar:?]
[15:39:33] [Client thread/INFO]: Created: 256x256 textures/items-atlas
[15:39:33] [Client thread/INFO]: Created: 512x256 textures/blocks-atlas
[15:39:34] [Sound Library Loader/INFO]: Sound engine started
[15:39:41] [Server thread/INFO]: Starting integrated minecraft server version 1.7.10
[15:39:41] [Server thread/INFO]: Generating keypair
[15:39:41] [Server thread/INFO]: Preparing start region for level 0
[15:39:42] [Server thread/INFO]: Changing view distance to 12, from 10
[15:39:42] [Server thread/INFO]: ForgeDevName[local:E:ccdc6a51] logged in with entity id 236 at (505.13578022251266, 4.0, 96.63618909145448)
[15:39:42] [Server thread/INFO]: ForgeDevName joined the game
[15:39:57] [Server thread/INFO]: Saving and pausing game...
[15:39:57] [Server thread/INFO]: Saving chunks for level 'New World'/Overworld
[15:39:58] [Server thread/INFO]: Saving chunks for level 'New World'/Nether
[15:39:58] [Server thread/INFO]: Saving chunks for level 'New World'/The End
[15:39:58] [Server thread/INFO]: Stopping server
[15:39:58] [Server thread/INFO]: Saving players
[15:39:58] [Server thread/INFO]: Saving worlds
[15:39:58] [Server thread/INFO]: Saving chunks for level 'New World'/Overworld
[15:39:58] [Server thread/INFO]: Saving chunks for level 'New World'/Nether
[15:39:58] [Server thread/INFO]: Saving chunks for level 'New World'/The End
[15:40:01] [Client thread/INFO]: Stopping!
[19:03:59] [main/INFO]: Setting user: ForgeDevName
[19:04:01] [Client thread/INFO]: LWJGL Version: 2.9.[19[19:04:08] [Client thread/INFO]: Reloading ResourceManager: Default, FMLFileResourcePack:Forge Mod Loader, FMLFileResourcePack:Minecraft Forge, FMLFileResourcePack:Steamcraft-ReBooted
[19:04:08] [Client thread/WARN]: ResourcePack: ignored non-lowercase namespace: %s in %s
[19:04:09] [Sound Library Loader/INFO]: Sound engine started
[19:04:12] [Client thread/INFO]: Created: 512x256 textures/blocks-atlas
[19:04:12] [Client thread/ERROR]: Using missing texture, unable to load steamcraftrb:textures/items/steamSword.png
java.io.FileNotFoundException: steamcraftrb:textures/items/steamSword.png
	at net.minecraft.client.resources.SimpleReloadableResourceManager.getResource(SimpleReloadableResourceManager.java:71) ~[SimpleReloadableResourceManager.class:?]
	at net.minecraft.client.renderer.texture.TextureMap.loadTextureAtlas(TextureMap.java:126) [TextureMap.class:?]
	at net.minecraft.client.renderer.texture.TextureMap.loadTexture(TextureMap.java:91) [TextureMap.class:?]
	at net.minecraft.client.renderer.texture.TextureManager.loadTexture(TextureManager.java:89) [TextureManager.class:?]
	at net.minecraft.client.renderer.texture.TextureManager.loadTickableTexture(TextureManager.java:71) [TextureManager.class:?]
	at net.minecraft.client.renderer.texture.TextureManager.loadTextureMap(TextureManager.java:58) [TextureManager.class:?]
	at net.minecraft.client.Minecraft.startGame(Minecraft.java:593) [Minecraft.class:?]
	at net.minecraft.client.Minecraft.run(Minecraft.java:941) [Minecraft.class:?]
	at net.minecraft.client.main.Main.main(Main.java:164) [Main.class:?]
	at sun.reflect.NativeMethodAccessorImpl.invoke0(Native Method) ~[?:1.7.0_67]
	at sun.reflect.NativeMethodAccessorImpl.invoke(NativeMethodAccessorImpl.java:57) ~[?:1.7.0_67]
	at sun.reflect.DelegatingMethodAccessorImpl.invoke(DelegatingMethodAccessorImpl.java:43) ~[?:1.7.0_67]
	at java.lang.reflect.Method.invoke(Method.java:606) ~[?:1.7.0_67]
	at net.minecraft.launchwrapper.Launch.launch(Launch.java:134) [launchwrapper-1.9.jar:?]
	at net.minecraft.launchwrapper.Launch.main(Launch.java:28) [launchwrapper-1.9.jar:?]
	at sun.reflect.NativeMethodAccessorImpl.invoke0(Native Method) ~[?:1.7.0_67]
	at sun.reflect.NativeMethodAccessorImpl.invoke(NativeMethodAccessorImpl.java:57) ~[?:1.7.0_67]
	at sun.reflect.DelegatingMethodAccessorImpl.invoke(DelegatingMethodAccessorImpl.java:43) ~[?:1.7.0_67]
	at java.lang.reflect.Method.invoke(Method.java:606) ~[?:1.7.0_67]
	at GradleStart.bounce(GradleStart.java:107) [start/:?]
	at GradleStart.startClient(GradleStart.java:100) [start/:?]
	at GradleStart.main(GradleStart.java:55) [start/:?]
[19:04:12] [Client thread/ERROR]: Using missing texture, unable to load steamcraftrb:textures/items/woodenStock.png
java.io.FileNotFoundException: steamcraftrb:textures/items/woodenStock.png
	at net.minecraft.client.resources.SimpleReloadableResourceManager.getResource(SimpleReloadableResourceManager.java:71) ~[SimpleReloadableResourceManager.class:?]
	at net.minecraft.client.renderer.texture.TextureMap.loadTextureAtlas(TextureMap.java:126) [TextureMap.class:?]
	at net.minecraft.client.renderer.texture.TextureMap.loadTexture(TextureMap.java:91) [TextureMap.class:?]
	at net.minecraft.client.renderer.texture.TextureManager.loadTexture(TextureManager.java:89) [TextureManager.class:?]
	at net.minecraft.client.renderer.texture.TextureManager.loadTickableTexture(TextureManager.java:71) [TextureManager.class:?]
	at net.minecraft.client.renderer.texture.TextureManager.loadTextureMap(TextureManager.java:58) [TextureManager.class:?]
	at net.minecraft.client.Minecraft.startGame(Minecraft.java:593) [Minecraft.class:?]
	at net.minecraft.client.Minecraft.run(Minecraft.java:941) [Minecraft.class:?]
	at net.minecraft.client.main.Main.main(Main.java:164) [Main.class:?]
	at sun.reflect.NativeMethodAccessorImpl.invoke0(Native Method) ~[?:1.7.0_67]
	at sun.reflect.NativeMethodAccessorImpl.invoke(NativeMethodAccessorImpl.java:57) ~[?:1.7.0_67]
	at sun.reflect.DelegatingMethodAccessorImpl.invoke(DelegatingMethodAccessorImpl.java:43) ~[?:1.7.0_67]
	at java.lang.reflect.Method.invoke(Method.java:606) ~[?:1.7.0_67]
	at net.minecraft.launchwrapper.Launch.launch(Launch.java:134) [launchwrapper-1.9.jar:?]
	at net.minecraft.launchwrapper.Launch.main(Launch.java:28) [launchwrapper-1.9.jar:?]
	at sun.reflect.NativeMethodAccessorImpl.invoke0(Native Method) ~[?:1.7.0_67]
	at sun.reflect.NativeMethodAccessorImpl.invoke(NativeMethodAccessorImpl.java:57) ~[?:1.7.0_67]
	at sun.reflect.DelegatingMethodAccessorImpl.invoke(DelegatingMethodAccessorImpl.java:43) ~[?:1.7.0_67]
	at java.lang.reflect.Method.invoke(Method.java:606) ~[?:1.7.0_67]
	at GradleStart.bounce(GradleStart.java:107) [start/:?]
	at GradleStart.startClient(GradleStart.java:100) [start/:?]
	at GradleStart.main(GradleStart.java:55) [start/:?]
[19:04:12] [Client thread/INFO]: Created: 256x256 textures/items-atlas
[19:04:13] [Client thread/INFO]: Reloading ResourceManager: Default, FMLFileResourcePack:Forge Mod Loader, FMLFileResourcePack:Minecraft Forge, FMLFileResourcePack:Steamcraft-ReBooted
[19:04:13] [Client thread/WARN]: ResourcePack: ignored non-lowercase namespace: %s in %s
[19:04:13] [Client thread/ERROR]: Using missing texture, unable to load steamcraftrb:textures/items/steamSword.png
java.io.FileNotFoundException: steamcraftrb:textures/items/steamSword.png
	at net.minecraft.client.resources.SimpleReloadableResourceManager.getResource(SimpleReloadableResourceManager.java:71) ~[SimpleReloadableResourceManager.class:?]
	at net.minecraft.client.renderer.texture.TextureMap.loadTextureAtlas(TextureMap.java:126) [TextureMap.class:?]
	at net.minecraft.client.renderer.texture.TextureMap.loadTexture(TextureMap.java:91) [TextureMap.class:?]
	at net.minecraft.client.renderer.texture.TextureManager.loadTexture(TextureManager.java:89) [TextureManager.class:?]
	at net.minecraft.client.renderer.texture.TextureManager.onResourceManagerReload(TextureManager.java:170) [TextureManager.class:?]
	at net.minecraft.client.resources.SimpleReloadableResourceManager.notifyReloadListeners(SimpleReloadableResourceManager.java:134) [SimpleReloadableResourceManager.class:?]
	at net.minecraft.client.resources.SimpleReloadableResourceManager.reloadResources(SimpleReloadableResourceManager.java:118) [SimpleReloadableResourceManager.class:?]
	at net.minecraft.client.Minecraft.refreshResources(Minecraft.java:653) [Minecraft.class:?]
	at cpw.mods.fml.client.FMLClientHandler.finishMinecraftLoading(FMLClientHandler.java:303) [FMLClientHandler.class:?]
	at net.minecraft.client.Minecraft.startGame(Minecraft.java:596) [Minecraft.class:?]
	at net.minecraft.client.Minecraft.run(Minecraft.java:941) [Minecraft.class:?]
	at net.minecraft.client.main.Main.main(Main.java:164) [Main.class:?]
	at sun.reflect.NativeMethodAccessorImpl.invoke0(Native Method) ~[?:1.7.0_67]
	at sun.reflect.NativeMethodAccessorImpl.invoke(NativeMethodAccessorImpl.java:57) ~[?:1.7.0_67]
	at sun.reflect.DelegatingMethodAccessorImpl.invoke(DelegatingMethodAccessorImpl.java:43) ~[?:1.7.0_67]
	at java.lang.reflect.Method.invoke(Method.java:606) ~[?:1.7.0_67]
	at net.minecraft.launchwrapper.Launch.launch(Launch.java:134) [launchwrapper-1.9.jar:?]
	at net.minecraft.launchwrapper.Launch.main(Launch.java:28) [launchwrapper-1.9.jar:?]
	at sun.reflect.NativeMethodAccessorImpl.invoke0(Native Method) ~[?:1.7.0_67]
	at sun.reflect.NativeMethodAccessorImpl.invoke(NativeMethodAccessorImpl.java:57) ~[?:1.7.0_67]
	at sun.reflect.DelegatingMethodAccessorImpl.invoke(DelegatingMethodAccessorImpl.java:43) ~[?:1.7.0_67]
	at java.lang.reflect.Method.invoke(Method.java:606) ~[?:1.7.0_67]
	at GradleStart.bounce(GradleStart.java:107) [start/:?]
	at GradleStart.startClient(GradleStart.java:100) [start/:?]
	at GradleStart.main(GradleStart.java:55) [start/:?]
[19:04:13] [Client thread/ERROR]: Using missing texture, unable to load steamcraftrb:textures/items/woodenStock.png
java.io.FileNotFoundException: steamcraftrb:textures/items/woodenStock.png
	at net.minecraft.client.resources.SimpleReloadableResourceManager.getResource(SimpleReloadableResourceManager.java:71) ~[SimpleReloadableResourceManager.class:?]
	at net.minecraft.client.renderer.texture.TextureMap.loadTextureAtlas(TextureMap.java:126) [TextureMap.class:?]
	at net.minecraft.client.renderer.texture.TextureMap.loadTexture(TextureMap.java:91) [TextureMap.class:?]
	at net.minecraft.client.renderer.texture.TextureManager.loadTexture(TextureManager.java:89) [TextureManager.class:?]
	at net.minecraft.client.renderer.texture.TextureManager.onResourceManagerReload(TextureManager.java:170) [TextureManager.class:?]
	at net.minecraft.client.resources.SimpleReloadableResourceManager.notifyReloadListeners(SimpleReloadableResourceManager.java:134) [SimpleReloadableResourceManager.class:?]
	at net.minecraft.client.resources.SimpleReloadableResourceManager.reloadResources(SimpleReloadableResourceManager.java:118) [SimpleReloadableResourceManager.class:?]
	at net.minecraft.client.Minecraft.refreshResources(Minecraft.java:653) [Minecraft.class:?]
	at cpw.mods.fml.client.FMLClientHandler.finishMinecraftLoading(FMLClientHandler.java:303) [FMLClientHandler.class:?]
	at net.minecraft.client.Minecraft.startGame(Minecraft.java:596) [Minecraft.class:?]
	at net.minecraft.client.Minecraft.run(Minecraft.java:941) [Minecraft.class:?]
	at net.minecraft.client.main.Main.main(Main.java:164) [Main.class:?]
	at sun.reflect.NativeMethodAccessorImpl.invoke0(Native Method) ~[?:1.7.0_67]
	at sun.reflect.NativeMethodAccessorImpl.invoke(NativeMethodAccessorImpl.java:57) ~[?:1.7.0_67]
	at sun.reflect.DelegatingMethodAccessorImpl.invoke(DelegatingMethodAccessorImpl.java:43) ~[?:1.7.0_67]
	at java.lang.reflect.Method.invoke(Method.java:606) ~[?:1.7.0_67]
	at net.minecraft.launchwrapper.Launch.launch(Launch.java:134) [launchwrapper-1.9.jar:?]
	at net.minecraft.launchwrapper.Launch.main(Launch.java:28) [launchwrapper-1.9.jar:?]
	at sun.reflect.NativeMethodAccessorImpl.invoke0(Native Method) ~[?:1.7.0_67]
	at sun.reflect.NativeMethodAccessorImpl.invoke(NativeMethodAccessorImpl.java:57) ~[?:1.7.0_67]
	at sun.reflect.DelegatingMethodAccessorImpl.invoke(DelegatingMethodAccessorImpl.java:43) ~[?:1.7.0_67]
	at java.lang.reflect.Method.invoke(Method.java:606) ~[?:1.7.0_67]
	at GradleStart.bounce(GradleStart.java:107) [start/:?]
	at GradleStart.startClient(GradleStart.java:100) [start/:?]
	at GradleStart.main(GradleStart.java:55) [start/:?]
[19:04:13] [Client thread/INFO]: Created: 256x256 textures/items-atlas
[19:04:13] [Client thread/INFO]: Created: 512x256 textures/blocks-atlas
[19:04:14] [Sound Library Loader/INFO]: Sound engine started
[19:04:39] [Client thread/INFO]: Stopping!
t net.minecraft.client.main.Main.main(Main.java:164) [Main.class:?]
	at sun.reflect.NativeMethodAccessorImpl.invoke0(Native Method) ~[?:1.7.0_67]
	at sun.reflect.NativeMethodAccessorImpl.invoke(NativeMethodAccessorImpl.java:57) ~[?:1.7.0_67]
	at sun.reflect.DelegatingMethodAccessorImpl.invoke(DelegatingMethodAccessorImpl.java:43) ~[?:1.7.0_67]
	at java.lang.reflect.Method.invoke(Method.java:606) ~[?:1.7.0_67]
	at net.minecraft.launchwrapper.Launch.launch(Launch.java:134) [launchwrapper-1.9.jar:?]
	at net.minecraft.launchwrapper.Launch.main(Launch.java:28) [launchwrapper-1.9.jar:?]
	at sun.reflect.NativeMethodAccessorImpl.invoke0(Native Method) ~[?:1.7.0_67]
	at sun.reflect.NativeMethodAccessorImpl.invoke(NativeMethodAccessorImpl.java:57) ~[?:1.7.0_67]
	at sun.reflect.DelegatingMethodAccessorImpl.invoke(DelegatingMethodAccessorImpl.java:43) ~[?:1.7.0_67]
	at java.lang.reflect.Method.invoke(Method.java:606) ~[?:1.7.0_67]
	at GradleStart.bounce(GradleStart.java:107) [start/:?]
	at GradleStart.startClient(GradleStart.java:100) [start/:?]
	at GradleStart.main(GradleStart.java:55) [start/:?]
	at sun.reflect.NativeMethodAccessorImpl.invoke0(Native Method) ~[?:1.7.0_67]
	at sun.reflect.NativeMethodAccessorImpl.invoke(NativeMethodAccessorImpl.java:57) ~[?:1.7.0_67]
	at sun.reflect.DelegatingMethodAccessorImpl.invoke(DelegatingMethodAccessorImpl.java:43) ~[?:1.7.0_67]
	at java.lang.reflect.Method.invoke(Method.java:606) ~[?:1.7.0_67]
	at com.intellij.rt.execution.application.AppMain.main(AppMain.java:134) [idea_rt.jar:?]
[19:04:12] [Client thread/INFO]: Created: 256x256 textures/items-atlas
[19:04:13] [Client thread/INFO]: Created: 512x256 textures/blocks-atlas
[19:04:13] [Sound Library Loader/INFO]: Sound engine started
[19:04:20] [Server thread/INFO]: Starting integrated minecraft server version 1.7.10
[19:04:20] [Server thread/INFO]: Generating keypair
[19:04:21] [Server thread/INFO]: Preparing start region for level 0
[19:04:21] [Server thread/INFO]: Changing view distance to 12, from 10
[19:04:22] [Server thread/INFO]: ForgeDevName[local:E:e8e773e5] logged in with entity id 251 at (505.13578022251266, 4.0, 96.63618909145448)
[19:04:22] [Server thread/INFO]: ForgeDevName joined the game
[19:04:27] [Client thread/INFO]: [CHAT] /gamemode, /give, /gamerule
[19:04:36] [Server thread/INFO]: Saving and pausing game...
[19:04:36] [Server thread/INFO]: Saving chunks for level 'New World'/Overworld
[19:04:36] [Server thread/INFO]: Saving chunks for level 'New World'/Nether
[19:04:36] [Server thread/INFO]: Saving chunks for level 'New World'/The End
[19:04:36] [Server thread/INFO]: Stopping server
[19:04:36] [Server thread/INFO]: Saving players
[19:04:36] [Server thread/INFO]: Saving worlds
[19:04:36] [Server thread/INFO]: Saving chunks for level 'New World'/Overworld
[19:04:36] [Server thread/INFO]: Saving chunks for level 'New World'/Nether
[19:04:36] [Server thread/INFO]: Saving chunks for level 'New World'/The End
[19:04:38] [Client thread/INFO]: Stopping!
